<?xml version="1.0" encoding="utf-8" standalone="no"?>
<test-results xmlns:xsi="http://www.w3.org/2001/XMLSchema-instance" xsi:noNamespaceSchemaLocation="nunit_schema_2.5.xsd" name="Pester" total="9" errors="0" failures="0" not-run="0" inconclusive="0" ignored="0" skipped="0" invalid="0" date="2026-03-23" time="14:32:40">
  <environment cwd="G:\Workspace\PWSH\PowerWormhole" nunit-version="2.5.8.0" clr-version="9.0.4" os-version="10.0.26200" platform="Microsoft Windows 11 Enterprise|C:\WINDOWS|\Device\Harddisk5\Partition3" user-domain="THEHUNTZMAN" user="TheHuntzman" machine-name="CENTURION" />
  <culture-info current-culture="en-US" current-uiculture="en-US" />
  <test-suite type="TestFixture" name="Pester" executed="True" result="Success" success="True" time="0.8419" asserts="0" description="Pester">
    <results>
      <test-suite type="TestFixture" name="G:\Workspace\PWSH\PowerWormhole\tests\PowerWormhole.Tests.ps1" executed="True" result="Success" success="True" time="0.8419" asserts="0" description="G:\Workspace\PWSH\PowerWormhole\tests\PowerWormhole.Tests.ps1">
        <results>
          <test-suite type="TestFixture" name="Module import" executed="True" result="Success" success="True" time="0.0176" asserts="0" description="Module import">
            <results>
              <test-case description="exports expected public commands" name="Module import.exports expected public commands" time="0.0112" asserts="0" success="True" result="Success" executed="True" />
            </results>
          </test-suite>
          <test-suite type="TestFixture" name="New-WormholeCode" executed="True" result="Success" success="True" time="0.0261" asserts="0" description="New-WormholeCode">
            <results>
              <test-case description="creates nameplate-prefixed code" name="New-WormholeCode.creates nameplate-prefixed code" time="0.0025" asserts="0" success="True" result="Success" executed="True" />
            </results>
          </test-suite>
          <test-suite type="TestFixture" name="Validation helpers" executed="True" result="Success" success="True" time="0.0365" asserts="0" description="Validation helpers">
            <results>
              <test-case description="accepts ws relay URL" name="Validation helpers.accepts ws relay URL" time="0.0028" asserts="0" success="True" result="Success" executed="True" />
              <test-case description="rejects invalid relay URL" name="Validation helpers.rejects invalid relay URL" time="0.0018" asserts="0" success="True" result="Success" executed="True" />
            </results>
          </test-suite>
          <test-suite type="TestFixture" name="HKDF" executed="True" result="Success" success="True" time="0.0454" asserts="0" description="HKDF">
            <results>
              <test-case description="returns requested output length" name="HKDF.returns requested output length" time="0.0028" asserts="0" success="True" result="Success" executed="True" />
            </results>
          </test-suite>
          <test-suite type="TestFixture" name="SPAKE2 compatibility" executed="True" result="Success" success="True" time="0.6093" asserts="0" description="SPAKE2 compatibility">
            <results>
              <test-case description="matches python-spake2 symmetric start vector for seed 1" name="SPAKE2 compatibility.matches python-spake2 symmetric start vector for seed 1" time="0.1386" asserts="0" success="True" result="Success" executed="True" />
              <test-case description="derives same shared key for two peers" name="SPAKE2 compatibility.derives same shared key for two peers" time="0.4193" asserts="0" success="True" result="Success" executed="True" />
            </results>
          </test-suite>
          <test-suite type="TestFixture" name="SecretBox compatibility" executed="True" result="Success" success="True" time="0.6395" asserts="0" description="SecretBox compatibility">
            <results>
              <test-case description="decrypts known wormhole test vector" name="SecretBox compatibility.decrypts known wormhole test vector" time="0.0129" asserts="0" success="True" result="Success" executed="True" />
              <test-case description="encrypts matching wormhole test vector with fixed nonce" name="SecretBox compatibility.encrypts matching wormhole test vector with fixed nonce" time="0.0109" asserts="0" success="True" result="Success" executed="True" />
            </results>
          </test-suite>
        </results>
      </test-suite>
    </results>
  </test-suite>
</test-results>